<?xml version="1.0" encoding="UTF-8"?>
<!-- Generated by org.testng.reporters.JUnitReportReporter -->
<testsuite hostname="DESKTOP-QORIL8E" failures="0" tests="3" name="demo.ttestng.Testdemo" time="0.025" errors="0" timestamp="2023-05-17T06:56:25 IST" skipped="0">
  <testcase classname="demo.ttestng.Testdemo" name="test1" time="0.014"/>
  <system-out/>
  <testcase classname="demo.ttestng.Testdemo" name="test2" time="0.005"/>
  <system-out/>
  <testcase classname="demo.ttestng.Testdemo" name="test3" time="0.006"/>
  <system-out/>
</testsuite> <!-- demo.ttestng.Testdemo -->
