<?xml version="1.0" encoding="UTF-8"?>
<!-- Generated by org.testng.reporters.JUnitReportReporter -->
<testsuite hostname="DESKTOP-QORIL8E" failures="0" tests="2" name="demo.ttestng.NewTest" time="17.965" errors="0" timestamp="2023-05-17T07:19:33 IST" skipped="0">
  <testcase classname="demo.ttestng.NewTest" name="f" time="9.647"/>
  <system-out/>
  <testcase classname="demo.ttestng.NewTest" name="test" time="8.318"/>
  <system-out/>
</testsuite> <!-- demo.ttestng.NewTest -->
